<?xml version="1.0" encoding="UTF-8"?>
<testng-results ignored="0" total="1" passed="1" failed="0" skipped="0">
  <reporter-output>
  </reporter-output>
  <suite started-at="2024-08-16T02:37:19 EDT" name="Default suite" finished-at="2024-08-16T02:37:42 EDT" duration-ms="23618">
    <groups>
    </groups>
    <test started-at="2024-08-16T02:37:19 EDT" name="Default test" finished-at="2024-08-16T02:37:42 EDT" duration-ms="23618">
      <class name="test.AddCustomersTest">
        <test-method signature="dashvalidation()[pri:0, instance:test.AddCustomersTest@1e04fa0a]" started-at="2024-08-16T02:37:19 EDT" name="dashvalidation" finished-at="2024-08-16T02:37:42 EDT" duration-ms="23565" status="PASS">
          <reporter-output>
          </reporter-output>
        </test-method> <!-- dashvalidation -->
      </class> <!-- test.AddCustomersTest -->
    </test> <!-- Default test -->
  </suite> <!-- Default suite -->
</testng-results>
